2026-03-04 15:44:38,375 - __main__ - INFO - Using video codec: h264_vaapi
2026-03-04 15:44:38,376 - src.downloader - INFO - [1] Already exists with same URL, skipping.
2026-03-04 15:44:38,376 - src.downloader - INFO - [2] Already exists with same URL, skipping.
2026-03-04 15:44:40,353 - src.downloader - ERROR - [3] Download failed: ERROR: [youtube] DOTi2YB726I: Sign in to confirm your age. This video may be inappropriate for some users. Use --cookies-from-browser or --cookies for the authentication. See  https://github.com/yt-dlp/yt-dlp/wiki/FAQ#how-do-i-pass-cookies-to-yt-dlp  for how to manually pass cookies. Also see  https://github.com/yt-dlp/yt-dlp/wiki/Extractors#exporting-youtube-cookies  for tips on effectively exporting YouTube cookies
2026-03-04 15:44:41,508 - src.downloader - ERROR - [4] Download failed: ERROR: [youtube] PiauQ7P7mtQ: Video unavailable. This video is no longer available due to a copyright claim by Sony Music Entertainment (Japan) Inc.
2026-03-04 15:44:41,508 - src.downloader - INFO - [5] Already exists with same URL, skipping.
2026-03-04 15:44:41,509 - src.downloader - INFO - [6] Already exists with same URL, skipping.
2026-03-04 15:44:41,509 - src.downloader - INFO - [7] Already exists with same URL, skipping.
2026-03-04 15:44:41,509 - src.downloader - INFO - [8] Already exists with same URL, skipping.
2026-03-04 15:44:41,509 - src.downloader - INFO - [9] Already exists with same URL, skipping.
2026-03-04 15:44:42,663 - src.downloader - ERROR - [10] Download failed: ERROR: [youtube] Tu-WyAn1zWg: Private video. Sign in if you've been granted access to this video. Use --cookies-from-browser or --cookies for the authentication. See  https://github.com/yt-dlp/yt-dlp/wiki/FAQ#how-do-i-pass-cookies-to-yt-dlp  for how to manually pass cookies. Also see  https://github.com/yt-dlp/yt-dlp/wiki/Extractors#exporting-youtube-cookies  for tips on effectively exporting YouTube cookies
2026-03-04 15:44:44,674 - src.downloader - ERROR - [11] Download failed: ERROR: [youtube] ICpzoZozwCU: Sign in to confirm your age. This video may be inappropriate for some users. Use --cookies-from-browser or --cookies for the authentication. See  https://github.com/yt-dlp/yt-dlp/wiki/FAQ#how-do-i-pass-cookies-to-yt-dlp  for how to manually pass cookies. Also see  https://github.com/yt-dlp/yt-dlp/wiki/Extractors#exporting-youtube-cookies  for tips on effectively exporting YouTube cookies
2026-03-04 15:44:44,674 - src.downloader - INFO - [12] Already exists with same URL, skipping.
2026-03-04 15:44:45,840 - src.downloader - ERROR - [13] Download failed: ERROR: [youtube] XCz3QiLNyDI: Video unavailable. This video is no longer available because the YouTube account associated with this video has been terminated.
2026-03-04 15:44:46,984 - src.downloader - ERROR - [14] Download failed: ERROR: [youtube] frfompwkApw: Video unavailable. This video is no longer available due to a copyright claim by Sony Music Entertainment (Japan) Inc.
2026-03-04 15:44:46,984 - src.downloader - INFO - [15] Already exists with same URL, skipping.
2026-03-04 15:44:46,984 - src.downloader - INFO - [16] Already exists with same URL, skipping.
2026-03-04 15:44:48,140 - src.downloader - ERROR - [17] Download failed: ERROR: [youtube] Lfr_jr0z6jE: Private video. Sign in if you've been granted access to this video. Use --cookies-from-browser or --cookies for the authentication. See  https://github.com/yt-dlp/yt-dlp/wiki/FAQ#how-do-i-pass-cookies-to-yt-dlp  for how to manually pass cookies. Also see  https://github.com/yt-dlp/yt-dlp/wiki/Extractors#exporting-youtube-cookies  for tips on effectively exporting YouTube cookies
2026-03-04 15:44:48,141 - src.downloader - INFO - [18] Already exists with same URL, skipping.
2026-03-04 15:44:48,141 - src.downloader - INFO - [19] Already exists with same URL, skipping.
2026-03-04 15:44:48,141 - src.downloader - INFO - [20] Already exists with same URL, skipping.
2026-03-04 15:44:48,141 - src.downloader - INFO - [21] Already exists with same URL, skipping.
2026-03-04 15:44:48,141 - src.downloader - INFO - [22] Already exists with same URL, skipping.
2026-03-04 15:44:49,288 - src.downloader - ERROR - [23] Download failed: ERROR: [youtube] TJCZ3YRWxKg: Video unavailable
2026-03-04 15:44:50,461 - src.downloader - ERROR - [24] Download failed: ERROR: [youtube] B7A9j2GT_5g: Video unavailable. This video is no longer available due to a copyright claim by TOKYO BROADCASTING SYSTEM, INC. の代理人弁護士(TBS's lawyer)
2026-03-04 15:44:50,462 - src.downloader - INFO - [25] Already exists with same URL, skipping.
2026-03-04 15:44:51,830 - src.downloader - ERROR - [26] Download failed: ERROR: [youtube] qaLeO-2Fytg: Video unavailable. This video contains content from Aniplex Inc., who has blocked it on copyright grounds
2026-03-04 15:44:51,830 - src.downloader - INFO - [27] Already exists with same URL, skipping.
2026-03-04 15:44:52,982 - src.downloader - ERROR - [28] Download failed: ERROR: [youtube] VGT_mKDgtow: Private video. Sign in if you've been granted access to this video. Use --cookies-from-browser or --cookies for the authentication. See  https://github.com/yt-dlp/yt-dlp/wiki/FAQ#how-do-i-pass-cookies-to-yt-dlp  for how to manually pass cookies. Also see  https://github.com/yt-dlp/yt-dlp/wiki/Extractors#exporting-youtube-cookies  for tips on effectively exporting YouTube cookies
2026-03-04 15:44:52,983 - src.downloader - INFO - [29] Already exists with same URL, skipping.
2026-03-04 15:44:54,129 - src.downloader - ERROR - [30] Download failed: ERROR: [youtube] ZuI8Siwv-no: Video unavailable
2026-03-04 15:44:54,129 - src.downloader - INFO - [31] Already exists with same URL, skipping.
2026-03-04 15:44:54,129 - src.downloader - INFO - [32] Already exists with same URL, skipping.
2026-03-04 15:44:54,129 - src.downloader - INFO - [33] Already exists with same URL, skipping.
2026-03-04 15:44:54,130 - src.downloader - INFO - [34] Already exists with same URL, skipping.
2026-03-04 15:44:54,130 - src.downloader - INFO - [35] Already exists with same URL, skipping.
2026-03-04 15:44:54,130 - src.downloader - INFO - [36] Already exists with same URL, skipping.
2026-03-04 15:44:55,266 - src.downloader - ERROR - [37] Download failed: ERROR: [youtube] kErJOepkDQk: Video unavailable. This video is no longer available due to a copyright claim by 株式会社バンダイナムコフィルムワークス
2026-03-04 15:44:55,266 - src.downloader - INFO - [38] Already exists with same URL, skipping.
2026-03-04 15:44:55,266 - src.downloader - INFO - [39] Already exists with same URL, skipping.
2026-03-04 15:44:55,267 - src.downloader - INFO - [40] Already exists with same URL, skipping.
2026-03-04 15:44:55,267 - src.downloader - INFO - [41] Already exists with same URL, skipping.
2026-03-04 15:44:55,267 - src.downloader - INFO - [42] Already exists with same URL, skipping.
2026-03-04 15:44:55,267 - src.downloader - INFO - [43] Already exists with same URL, skipping.
2026-03-04 15:44:55,267 - src.downloader - INFO - [44] Already exists with same URL, skipping.
2026-03-04 15:44:55,267 - src.downloader - INFO - [45] Already exists with same URL, skipping.
2026-03-04 15:44:55,267 - src.downloader - INFO - [46] Already exists with same URL, skipping.
2026-03-04 15:44:55,268 - src.downloader - INFO - [47] Already exists with same URL, skipping.
2026-03-04 15:44:55,268 - src.downloader - INFO - [48] Already exists with same URL, skipping.
2026-03-04 15:44:55,268 - src.downloader - INFO - [49] Already exists with same URL, skipping.
2026-03-04 15:44:55,268 - src.downloader - INFO - [50] Already exists with same URL, skipping.
2026-03-04 15:44:55,268 - src.downloader - INFO - [51] Already exists with same URL, skipping.
2026-03-04 15:44:55,268 - src.downloader - INFO - [52] Already exists with same URL, skipping.
2026-03-04 15:44:55,268 - src.downloader - INFO - [53] Already exists with same URL, skipping.
2026-03-04 15:44:55,268 - src.downloader - INFO - [54] Already exists with same URL, skipping.
2026-03-04 15:44:55,269 - src.downloader - INFO - [55] Already exists with same URL, skipping.
2026-03-04 15:44:56,436 - src.downloader - ERROR - [56] Download failed: ERROR: [youtube] izIS1nzRqCc: Private video. Sign in if you've been granted access to this video. Use --cookies-from-browser or --cookies for the authentication. See  https://github.com/yt-dlp/yt-dlp/wiki/FAQ#how-do-i-pass-cookies-to-yt-dlp  for how to manually pass cookies. Also see  https://github.com/yt-dlp/yt-dlp/wiki/Extractors#exporting-youtube-cookies  for tips on effectively exporting YouTube cookies
2026-03-04 15:44:57,912 - src.downloader - ERROR - [57] Download failed: ERROR: [youtube] R3shsgKbd_M: Video unavailable. This video contains content from KADOKAWA CORPORATION, who has blocked it on copyright grounds
2026-03-04 15:44:59,260 - src.downloader - ERROR - [58] Download failed: ERROR: [youtube] ey0T9h1Ibng: Video unavailable. This video contains content from KADOKAWA CORPORATION, who has blocked it on copyright grounds
2026-03-04 15:44:59,260 - src.downloader - INFO - [59] Already exists with same URL, skipping.
2026-03-04 15:45:00,384 - src.downloader - ERROR - [60] Download failed: ERROR: [youtube] Fc-XPJE3oeM: Video unavailable. This video is no longer available because the YouTube account associated with this video has been terminated.
2026-03-04 15:45:00,385 - src.downloader - INFO - [61] Already exists with same URL, skipping.
2026-03-04 15:45:00,385 - src.downloader - INFO - [62] Already exists with same URL, skipping.
2026-03-04 15:45:00,385 - src.downloader - INFO - [63] Already exists with same URL, skipping.
2026-03-04 15:45:02,791 - src.video - INFO - [1] Trimmed successfully.
2026-03-04 15:45:10,524 - src.video - INFO - [2] Trimmed successfully.
2026-03-04 15:45:10,524 - src.video - ERROR - [3] No downloaded file found, skipping trim.
2026-03-04 15:45:10,525 - src.video - ERROR - [4] No downloaded file found, skipping trim.
2026-03-04 15:45:14,893 - src.video - INFO - [5] Trimmed successfully.
2026-03-04 15:45:17,235 - src.video - INFO - [6] Trimmed successfully.
2026-03-04 15:45:19,515 - src.video - INFO - [7] Trimmed successfully.
2026-03-04 15:45:21,861 - src.video - INFO - [8] Trimmed successfully.
2026-03-04 15:45:24,143 - src.video - INFO - [9] Trimmed successfully.
2026-03-04 15:45:24,144 - src.video - ERROR - [10] No downloaded file found, skipping trim.
2026-03-04 15:45:24,144 - src.video - ERROR - [11] No downloaded file found, skipping trim.
2026-03-04 15:45:26,414 - src.video - INFO - [12] Trimmed successfully.
2026-03-04 15:45:26,415 - src.video - ERROR - [13] No downloaded file found, skipping trim.
2026-03-04 15:45:26,415 - src.video - ERROR - [14] No downloaded file found, skipping trim.
2026-03-04 15:45:28,795 - src.video - INFO - [15] Trimmed successfully.
2026-03-04 15:45:31,711 - src.video - INFO - [16] Trimmed successfully.
2026-03-04 15:45:31,711 - src.video - ERROR - [17] No downloaded file found, skipping trim.
2026-03-04 15:45:33,989 - src.video - INFO - [18] Trimmed successfully.
2026-03-04 15:45:36,383 - src.video - INFO - [19] Trimmed successfully.
2026-03-04 15:45:38,742 - src.video - INFO - [20] Trimmed successfully.
2026-03-04 15:45:41,015 - src.video - INFO - [21] Trimmed successfully.
2026-03-04 15:45:49,498 - src.video - INFO - [22] Trimmed successfully.
2026-03-04 15:45:49,498 - src.video - ERROR - [23] No downloaded file found, skipping trim.
2026-03-04 15:45:49,498 - src.video - ERROR - [24] No downloaded file found, skipping trim.
2026-03-04 15:45:51,907 - src.video - INFO - [25] Trimmed successfully.
2026-03-04 15:45:51,907 - src.video - ERROR - [26] No downloaded file found, skipping trim.
2026-03-04 15:45:54,298 - src.video - INFO - [27] Trimmed successfully.
2026-03-04 15:45:54,298 - src.video - ERROR - [28] No downloaded file found, skipping trim.
2026-03-04 15:45:56,604 - src.video - INFO - [29] Trimmed successfully.
2026-03-04 15:45:56,605 - src.video - ERROR - [30] No downloaded file found, skipping trim.
2026-03-04 15:45:58,975 - src.video - INFO - [31] Trimmed successfully.
2026-03-04 15:46:01,288 - src.video - INFO - [32] Trimmed successfully.
2026-03-04 15:46:03,783 - src.video - INFO - [33] Trimmed successfully.
2026-03-04 15:46:06,159 - src.video - INFO - [34] Trimmed successfully.
2026-03-04 15:46:08,468 - src.video - INFO - [35] Trimmed successfully.
2026-03-04 15:46:10,752 - src.video - INFO - [36] Trimmed successfully.
2026-03-04 15:46:10,752 - src.video - ERROR - [37] No downloaded file found, skipping trim.
2026-03-04 15:46:13,069 - src.video - INFO - [38] Trimmed successfully.
2026-03-04 15:46:15,388 - src.video - INFO - [39] Trimmed successfully.
2026-03-04 15:46:17,672 - src.video - INFO - [40] Trimmed successfully.
2026-03-04 15:46:20,034 - src.video - INFO - [41] Trimmed successfully.
2026-03-04 15:46:22,307 - src.video - INFO - [42] Trimmed successfully.
2026-03-04 15:46:30,372 - src.video - INFO - [43] Trimmed successfully.
2026-03-04 15:46:32,763 - src.video - INFO - [44] Trimmed successfully.
2026-03-04 15:46:35,306 - src.video - INFO - [45] Trimmed successfully.
2026-03-04 15:46:40,210 - src.video - INFO - [46] Trimmed successfully.
2026-03-04 15:46:42,667 - src.video - INFO - [47] Trimmed successfully.
2026-03-04 15:46:45,022 - src.video - INFO - [48] Trimmed successfully.
2026-03-04 15:46:47,303 - src.video - INFO - [49] Trimmed successfully.
2026-03-04 15:46:49,635 - src.video - INFO - [50] Trimmed successfully.
2026-03-04 15:46:51,979 - src.video - INFO - [51] Trimmed successfully.
2026-03-04 15:46:54,393 - src.video - INFO - [52] Trimmed successfully.
2026-03-04 15:46:56,698 - src.video - INFO - [53] Trimmed successfully.
2026-03-04 15:46:59,223 - src.video - INFO - [54] Trimmed successfully.
2026-03-04 15:47:01,563 - src.video - INFO - [55] Trimmed successfully.
2026-03-04 15:47:01,563 - src.video - ERROR - [56] No downloaded file found, skipping trim.
2026-03-04 15:47:01,563 - src.video - ERROR - [57] No downloaded file found, skipping trim.
2026-03-04 15:47:01,563 - src.video - ERROR - [58] No downloaded file found, skipping trim.
2026-03-04 15:47:03,910 - src.video - INFO - [59] Trimmed successfully.
2026-03-04 15:47:03,910 - src.video - ERROR - [60] No downloaded file found, skipping trim.
2026-03-04 15:47:06,402 - src.video - INFO - [61] Trimmed successfully.
2026-03-04 15:47:08,874 - src.video - INFO - [62] Trimmed successfully.
2026-03-04 15:47:11,287 - src.video - INFO - [63] Trimmed successfully.
2026-03-04 15:47:48,947 - __main__ - INFO - Using video codec: h264_vaapi
2026-03-04 15:47:48,948 - src.downloader - INFO - [1] Already exists with same URL, skipping.
2026-03-04 15:47:48,948 - src.downloader - INFO - [2] Already exists with same URL, skipping.
2026-03-04 15:47:50,802 - src.downloader - ERROR - [3] Download failed: ERROR: [youtube] DOTi2YB726I: Sign in to confirm your age. This video may be inappropriate for some users. Use --cookies-from-browser or --cookies for the authentication. See  https://github.com/yt-dlp/yt-dlp/wiki/FAQ#how-do-i-pass-cookies-to-yt-dlp  for how to manually pass cookies. Also see  https://github.com/yt-dlp/yt-dlp/wiki/Extractors#exporting-youtube-cookies  for tips on effectively exporting YouTube cookies
2026-03-04 15:47:51,981 - src.downloader - ERROR - [4] Download failed: ERROR: [youtube] PiauQ7P7mtQ: Video unavailable. This video is no longer available due to a copyright claim by Sony Music Entertainment (Japan) Inc.
2026-03-04 15:47:51,981 - src.downloader - INFO - [5] Already exists with same URL, skipping.
2026-03-04 15:47:51,982 - src.downloader - INFO - [6] Already exists with same URL, skipping.
2026-03-04 15:47:51,982 - src.downloader - INFO - [7] Already exists with same URL, skipping.
2026-03-04 15:47:51,982 - src.downloader - INFO - [8] Already exists with same URL, skipping.
2026-03-04 15:47:51,982 - src.downloader - INFO - [9] Already exists with same URL, skipping.
2026-03-04 15:47:53,129 - src.downloader - ERROR - [10] Download failed: ERROR: [youtube] Tu-WyAn1zWg: Private video. Sign in if you've been granted access to this video. Use --cookies-from-browser or --cookies for the authentication. See  https://github.com/yt-dlp/yt-dlp/wiki/FAQ#how-do-i-pass-cookies-to-yt-dlp  for how to manually pass cookies. Also see  https://github.com/yt-dlp/yt-dlp/wiki/Extractors#exporting-youtube-cookies  for tips on effectively exporting YouTube cookies
2026-03-04 15:47:55,256 - src.downloader - ERROR - [11] Download failed: ERROR: [youtube] ICpzoZozwCU: Sign in to confirm your age. This video may be inappropriate for some users. Use --cookies-from-browser or --cookies for the authentication. See  https://github.com/yt-dlp/yt-dlp/wiki/FAQ#how-do-i-pass-cookies-to-yt-dlp  for how to manually pass cookies. Also see  https://github.com/yt-dlp/yt-dlp/wiki/Extractors#exporting-youtube-cookies  for tips on effectively exporting YouTube cookies
2026-03-04 15:47:55,257 - src.downloader - INFO - [12] Already exists with same URL, skipping.
2026-03-04 15:47:56,438 - src.downloader - ERROR - [13] Download failed: ERROR: [youtube] XCz3QiLNyDI: Video unavailable. This video is no longer available because the YouTube account associated with this video has been terminated.
2026-03-04 15:47:57,581 - src.downloader - ERROR - [14] Download failed: ERROR: [youtube] frfompwkApw: Video unavailable. This video is no longer available due to a copyright claim by Sony Music Entertainment (Japan) Inc.
2026-03-04 15:47:57,581 - src.downloader - INFO - [15] Already exists with same URL, skipping.
2026-03-04 15:47:57,582 - src.downloader - INFO - [16] Already exists with same URL, skipping.
2026-03-04 15:47:58,736 - src.downloader - ERROR - [17] Download failed: ERROR: [youtube] Lfr_jr0z6jE: Private video. Sign in if you've been granted access to this video. Use --cookies-from-browser or --cookies for the authentication. See  https://github.com/yt-dlp/yt-dlp/wiki/FAQ#how-do-i-pass-cookies-to-yt-dlp  for how to manually pass cookies. Also see  https://github.com/yt-dlp/yt-dlp/wiki/Extractors#exporting-youtube-cookies  for tips on effectively exporting YouTube cookies
2026-03-04 15:47:58,737 - src.downloader - INFO - [18] Already exists with same URL, skipping.
2026-03-04 15:47:58,737 - src.downloader - INFO - [19] Already exists with same URL, skipping.
2026-03-04 15:47:58,737 - src.downloader - INFO - [20] Already exists with same URL, skipping.
2026-03-04 15:47:58,737 - src.downloader - INFO - [21] Already exists with same URL, skipping.
2026-03-04 15:47:58,737 - src.downloader - INFO - [22] Already exists with same URL, skipping.
2026-03-04 15:47:59,923 - src.downloader - ERROR - [23] Download failed: ERROR: [youtube] TJCZ3YRWxKg: Video unavailable
2026-03-04 15:48:01,104 - src.downloader - ERROR - [24] Download failed: ERROR: [youtube] B7A9j2GT_5g: Video unavailable. This video is no longer available due to a copyright claim by TOKYO BROADCASTING SYSTEM, INC. の代理人弁護士(TBS's lawyer)
2026-03-04 15:48:01,105 - src.downloader - INFO - [25] Already exists with same URL, skipping.
2026-03-04 15:48:02,653 - src.downloader - ERROR - [26] Download failed: ERROR: [youtube] qaLeO-2Fytg: Video unavailable. This video contains content from Aniplex Inc., who has blocked it on copyright grounds
2026-03-04 15:48:02,653 - src.downloader - INFO - [27] Already exists with same URL, skipping.
2026-03-04 15:48:03,846 - src.downloader - ERROR - [28] Download failed: ERROR: [youtube] VGT_mKDgtow: Private video. Sign in if you've been granted access to this video. Use --cookies-from-browser or --cookies for the authentication. See  https://github.com/yt-dlp/yt-dlp/wiki/FAQ#how-do-i-pass-cookies-to-yt-dlp  for how to manually pass cookies. Also see  https://github.com/yt-dlp/yt-dlp/wiki/Extractors#exporting-youtube-cookies  for tips on effectively exporting YouTube cookies
2026-03-04 15:48:03,846 - src.downloader - INFO - [29] Already exists with same URL, skipping.
2026-03-04 15:48:04,973 - src.downloader - ERROR - [30] Download failed: ERROR: [youtube] ZuI8Siwv-no: Video unavailable
2026-03-04 15:48:04,974 - src.downloader - INFO - [31] Already exists with same URL, skipping.
2026-03-04 15:48:04,974 - src.downloader - INFO - [32] Already exists with same URL, skipping.
2026-03-04 15:48:04,974 - src.downloader - INFO - [33] Already exists with same URL, skipping.
2026-03-04 15:48:04,974 - src.downloader - INFO - [34] Already exists with same URL, skipping.
2026-03-04 15:48:04,974 - src.downloader - INFO - [35] Already exists with same URL, skipping.
2026-03-04 15:48:04,975 - src.downloader - INFO - [36] Already exists with same URL, skipping.
2026-03-04 15:48:06,107 - src.downloader - ERROR - [37] Download failed: ERROR: [youtube] kErJOepkDQk: Video unavailable. This video is no longer available due to a copyright claim by 株式会社バンダイナムコフィルムワークス
2026-03-04 15:48:06,108 - src.downloader - INFO - [38] Already exists with same URL, skipping.
2026-03-04 15:48:06,108 - src.downloader - INFO - [39] Already exists with same URL, skipping.
2026-03-04 15:48:06,108 - src.downloader - INFO - [40] Already exists with same URL, skipping.
2026-03-04 15:48:06,109 - src.downloader - INFO - [41] Already exists with same URL, skipping.
2026-03-04 15:48:06,109 - src.downloader - INFO - [42] Already exists with same URL, skipping.
2026-03-04 15:48:06,109 - src.downloader - INFO - [43] Already exists with same URL, skipping.
2026-03-04 15:48:06,109 - src.downloader - INFO - [44] Already exists with same URL, skipping.
2026-03-04 15:48:06,109 - src.downloader - INFO - [45] Already exists with same URL, skipping.
2026-03-04 15:48:06,109 - src.downloader - INFO - [46] Already exists with same URL, skipping.
2026-03-04 15:48:06,109 - src.downloader - INFO - [47] Already exists with same URL, skipping.
2026-03-04 15:48:06,109 - src.downloader - INFO - [48] Already exists with same URL, skipping.
2026-03-04 15:48:06,110 - src.downloader - INFO - [49] Already exists with same URL, skipping.
2026-03-04 15:48:06,110 - src.downloader - INFO - [50] Already exists with same URL, skipping.
2026-03-04 15:48:06,110 - src.downloader - INFO - [51] Already exists with same URL, skipping.
2026-03-04 15:48:06,110 - src.downloader - INFO - [52] Already exists with same URL, skipping.
2026-03-04 15:48:06,110 - src.downloader - INFO - [53] Already exists with same URL, skipping.
2026-03-04 15:48:06,110 - src.downloader - INFO - [54] Already exists with same URL, skipping.
2026-03-04 15:48:06,110 - src.downloader - INFO - [55] Already exists with same URL, skipping.
2026-03-04 15:48:07,248 - src.downloader - ERROR - [56] Download failed: ERROR: [youtube] izIS1nzRqCc: Private video. Sign in if you've been granted access to this video. Use --cookies-from-browser or --cookies for the authentication. See  https://github.com/yt-dlp/yt-dlp/wiki/FAQ#how-do-i-pass-cookies-to-yt-dlp  for how to manually pass cookies. Also see  https://github.com/yt-dlp/yt-dlp/wiki/Extractors#exporting-youtube-cookies  for tips on effectively exporting YouTube cookies
2026-03-04 15:48:08,800 - src.downloader - ERROR - [57] Download failed: ERROR: [youtube] R3shsgKbd_M: Video unavailable. This video contains content from KADOKAWA CORPORATION, who has blocked it on copyright grounds
2026-03-04 15:48:10,148 - src.downloader - ERROR - [58] Download failed: ERROR: [youtube] ey0T9h1Ibng: Video unavailable. This video contains content from KADOKAWA CORPORATION, who has blocked it on copyright grounds
2026-03-04 15:48:10,148 - src.downloader - INFO - [59] Already exists with same URL, skipping.
2026-03-04 15:48:11,302 - src.downloader - ERROR - [60] Download failed: ERROR: [youtube] Fc-XPJE3oeM: Video unavailable. This video is no longer available because the YouTube account associated with this video has been terminated.
2026-03-04 15:48:11,303 - src.downloader - INFO - [61] Already exists with same URL, skipping.
2026-03-04 15:48:11,303 - src.downloader - INFO - [62] Already exists with same URL, skipping.
2026-03-04 15:48:11,303 - src.downloader - INFO - [63] Already exists with same URL, skipping.
2026-03-04 15:48:13,697 - src.video - INFO - [1] Trimmed successfully.
2026-03-04 15:48:21,387 - src.video - INFO - [2] Trimmed successfully.
2026-03-04 15:48:21,388 - src.video - ERROR - [3] No downloaded file found, skipping trim.
2026-03-04 15:48:21,388 - src.video - ERROR - [4] No downloaded file found, skipping trim.
2026-03-04 15:48:25,730 - src.video - INFO - [5] Trimmed successfully.
2026-03-04 15:48:28,094 - src.video - INFO - [6] Trimmed successfully.
2026-03-04 15:48:30,432 - src.video - INFO - [7] Trimmed successfully.
2026-03-04 15:48:32,842 - src.video - INFO - [8] Trimmed successfully.
2026-03-04 15:48:35,215 - src.video - INFO - [9] Trimmed successfully.
2026-03-04 15:48:35,215 - src.video - ERROR - [10] No downloaded file found, skipping trim.
2026-03-04 15:48:35,215 - src.video - ERROR - [11] No downloaded file found, skipping trim.
2026-03-04 15:48:37,591 - src.video - INFO - [12] Trimmed successfully.
2026-03-04 15:48:37,591 - src.video - ERROR - [13] No downloaded file found, skipping trim.
2026-03-04 15:48:37,591 - src.video - ERROR - [14] No downloaded file found, skipping trim.
2026-03-04 15:48:40,032 - src.video - INFO - [15] Trimmed successfully.
2026-03-04 15:48:42,858 - src.video - INFO - [16] Trimmed successfully.
2026-03-04 15:48:42,859 - src.video - ERROR - [17] No downloaded file found, skipping trim.
2026-03-04 15:48:45,159 - src.video - INFO - [18] Trimmed successfully.
2026-03-04 15:48:47,619 - src.video - INFO - [19] Trimmed successfully.
2026-03-04 15:48:50,045 - src.video - INFO - [20] Trimmed successfully.
2026-03-04 15:48:52,383 - src.video - INFO - [21] Trimmed successfully.
2026-03-04 15:50:56,398 - __main__ - INFO - Using video codec: h264_vaapi
2026-03-04 15:50:56,399 - src.downloader - INFO - [1] Already exists with same URL, skipping.
2026-03-04 15:50:56,400 - src.downloader - INFO - [2] Already exists with same URL, skipping.
2026-03-04 15:50:58,633 - src.downloader - ERROR - [3] Download failed: ERROR: [youtube] DOTi2YB726I: Sign in to confirm your age. This video may be inappropriate for some users. Use --cookies-from-browser or --cookies for the authentication. See  https://github.com/yt-dlp/yt-dlp/wiki/FAQ#how-do-i-pass-cookies-to-yt-dlp  for how to manually pass cookies. Also see  https://github.com/yt-dlp/yt-dlp/wiki/Extractors#exporting-youtube-cookies  for tips on effectively exporting YouTube cookies
2026-03-04 15:50:59,760 - src.downloader - ERROR - [4] Download failed: ERROR: [youtube] PiauQ7P7mtQ: Video unavailable. This video is no longer available due to a copyright claim by Sony Music Entertainment (Japan) Inc.
2026-03-04 15:50:59,760 - src.downloader - INFO - [5] Already exists with same URL, skipping.
2026-03-04 15:50:59,760 - src.downloader - INFO - [6] Already exists with same URL, skipping.
2026-03-04 15:50:59,761 - src.downloader - INFO - [7] Already exists with same URL, skipping.
2026-03-04 15:50:59,761 - src.downloader - INFO - [8] Already exists with same URL, skipping.
2026-03-04 15:50:59,761 - src.downloader - INFO - [9] Already exists with same URL, skipping.
2026-03-04 15:51:00,904 - src.downloader - ERROR - [10] Download failed: ERROR: [youtube] Tu-WyAn1zWg: Private video. Sign in if you've been granted access to this video. Use --cookies-from-browser or --cookies for the authentication. See  https://github.com/yt-dlp/yt-dlp/wiki/FAQ#how-do-i-pass-cookies-to-yt-dlp  for how to manually pass cookies. Also see  https://github.com/yt-dlp/yt-dlp/wiki/Extractors#exporting-youtube-cookies  for tips on effectively exporting YouTube cookies
2026-03-04 15:51:03,113 - src.downloader - ERROR - [11] Download failed: ERROR: [youtube] ICpzoZozwCU: Sign in to confirm your age. This video may be inappropriate for some users. Use --cookies-from-browser or --cookies for the authentication. See  https://github.com/yt-dlp/yt-dlp/wiki/FAQ#how-do-i-pass-cookies-to-yt-dlp  for how to manually pass cookies. Also see  https://github.com/yt-dlp/yt-dlp/wiki/Extractors#exporting-youtube-cookies  for tips on effectively exporting YouTube cookies
2026-03-04 15:51:03,113 - src.downloader - INFO - [12] Already exists with same URL, skipping.
2026-03-04 15:51:04,261 - src.downloader - ERROR - [13] Download failed: ERROR: [youtube] XCz3QiLNyDI: Video unavailable. This video is no longer available because the YouTube account associated with this video has been terminated.
2026-03-04 15:51:05,380 - src.downloader - ERROR - [14] Download failed: ERROR: [youtube] frfompwkApw: Video unavailable. This video is no longer available due to a copyright claim by Sony Music Entertainment (Japan) Inc.
2026-03-04 15:51:05,381 - src.downloader - INFO - [15] Already exists with same URL, skipping.
2026-03-04 15:51:05,381 - src.downloader - INFO - [16] Already exists with same URL, skipping.
2026-03-04 15:51:06,600 - src.downloader - ERROR - [17] Download failed: ERROR: [youtube] Lfr_jr0z6jE: Private video. Sign in if you've been granted access to this video. Use --cookies-from-browser or --cookies for the authentication. See  https://github.com/yt-dlp/yt-dlp/wiki/FAQ#how-do-i-pass-cookies-to-yt-dlp  for how to manually pass cookies. Also see  https://github.com/yt-dlp/yt-dlp/wiki/Extractors#exporting-youtube-cookies  for tips on effectively exporting YouTube cookies
2026-03-04 15:51:06,601 - src.downloader - INFO - [18] Already exists with same URL, skipping.
2026-03-04 15:51:06,601 - src.downloader - INFO - [19] Already exists with same URL, skipping.
2026-03-04 15:51:06,601 - src.downloader - INFO - [20] Already exists with same URL, skipping.
2026-03-04 15:51:06,601 - src.downloader - INFO - [21] Already exists with same URL, skipping.
2026-03-04 15:51:06,601 - src.downloader - INFO - [22] Already exists with same URL, skipping.
2026-03-04 15:51:07,744 - src.downloader - ERROR - [23] Download failed: ERROR: [youtube] TJCZ3YRWxKg: Video unavailable
2026-03-04 15:51:08,955 - src.downloader - ERROR - [24] Download failed: ERROR: [youtube] B7A9j2GT_5g: Video unavailable. This video is no longer available due to a copyright claim by TOKYO BROADCASTING SYSTEM, INC. の代理人弁護士(TBS's lawyer)
2026-03-04 15:51:08,955 - src.downloader - INFO - [25] Already exists with same URL, skipping.
2026-03-04 15:51:10,302 - src.downloader - ERROR - [26] Download failed: ERROR: [youtube] qaLeO-2Fytg: Video unavailable. This video contains content from Aniplex Inc., who has blocked it on copyright grounds
2026-03-04 15:51:10,303 - src.downloader - INFO - [27] Already exists with same URL, skipping.
2026-03-04 15:51:11,484 - src.downloader - ERROR - [28] Download failed: ERROR: [youtube] VGT_mKDgtow: Private video. Sign in if you've been granted access to this video. Use --cookies-from-browser or --cookies for the authentication. See  https://github.com/yt-dlp/yt-dlp/wiki/FAQ#how-do-i-pass-cookies-to-yt-dlp  for how to manually pass cookies. Also see  https://github.com/yt-dlp/yt-dlp/wiki/Extractors#exporting-youtube-cookies  for tips on effectively exporting YouTube cookies
2026-03-04 15:51:11,485 - src.downloader - INFO - [29] Already exists with same URL, skipping.
2026-03-04 15:51:12,642 - src.downloader - ERROR - [30] Download failed: ERROR: [youtube] ZuI8Siwv-no: Video unavailable
2026-03-04 15:51:12,642 - src.downloader - INFO - [31] Already exists with same URL, skipping.
2026-03-04 15:51:12,643 - src.downloader - INFO - [32] Already exists with same URL, skipping.
2026-03-04 15:51:12,643 - src.downloader - INFO - [33] Already exists with same URL, skipping.
2026-03-04 15:51:12,643 - src.downloader - INFO - [34] Already exists with same URL, skipping.
2026-03-04 15:51:12,643 - src.downloader - INFO - [35] Already exists with same URL, skipping.
2026-03-04 15:51:12,643 - src.downloader - INFO - [36] Already exists with same URL, skipping.
2026-03-04 15:51:13,779 - src.downloader - ERROR - [37] Download failed: ERROR: [youtube] kErJOepkDQk: Video unavailable. This video is no longer available due to a copyright claim by 株式会社バンダイナムコフィルムワークス
2026-03-04 15:51:13,779 - src.downloader - INFO - [38] Already exists with same URL, skipping.
2026-03-04 15:51:13,779 - src.downloader - INFO - [39] Already exists with same URL, skipping.
2026-03-04 15:51:13,779 - src.downloader - INFO - [40] Already exists with same URL, skipping.
2026-03-04 15:51:13,780 - src.downloader - INFO - [41] Already exists with same URL, skipping.
2026-03-04 15:51:13,780 - src.downloader - INFO - [42] Already exists with same URL, skipping.
2026-03-04 15:51:13,780 - src.downloader - INFO - [43] Already exists with same URL, skipping.
2026-03-04 15:51:13,780 - src.downloader - INFO - [44] Already exists with same URL, skipping.
2026-03-04 15:51:13,780 - src.downloader - INFO - [45] Already exists with same URL, skipping.
2026-03-04 15:51:13,780 - src.downloader - INFO - [46] Already exists with same URL, skipping.
2026-03-04 15:51:13,780 - src.downloader - INFO - [47] Already exists with same URL, skipping.
2026-03-04 15:51:13,781 - src.downloader - INFO - [48] Already exists with same URL, skipping.
2026-03-04 15:51:13,781 - src.downloader - INFO - [49] Already exists with same URL, skipping.
2026-03-04 15:51:13,781 - src.downloader - INFO - [50] Already exists with same URL, skipping.
2026-03-04 15:51:13,781 - src.downloader - INFO - [51] Already exists with same URL, skipping.
2026-03-04 15:51:13,781 - src.downloader - INFO - [52] Already exists with same URL, skipping.
2026-03-04 15:51:13,781 - src.downloader - INFO - [53] Already exists with same URL, skipping.
2026-03-04 15:51:13,781 - src.downloader - INFO - [54] Already exists with same URL, skipping.
2026-03-04 15:51:13,782 - src.downloader - INFO - [55] Already exists with same URL, skipping.
2026-03-04 15:51:14,956 - src.downloader - ERROR - [56] Download failed: ERROR: [youtube] izIS1nzRqCc: Private video. Sign in if you've been granted access to this video. Use --cookies-from-browser or --cookies for the authentication. See  https://github.com/yt-dlp/yt-dlp/wiki/FAQ#how-do-i-pass-cookies-to-yt-dlp  for how to manually pass cookies. Also see  https://github.com/yt-dlp/yt-dlp/wiki/Extractors#exporting-youtube-cookies  for tips on effectively exporting YouTube cookies
2026-03-04 15:51:16,487 - src.downloader - ERROR - [57] Download failed: ERROR: [youtube] R3shsgKbd_M: Video unavailable. This video contains content from KADOKAWA CORPORATION, who has blocked it on copyright grounds
2026-03-04 15:51:17,754 - src.downloader - ERROR - [58] Download failed: ERROR: [youtube] ey0T9h1Ibng: Video unavailable. This video contains content from KADOKAWA CORPORATION, who has blocked it on copyright grounds
2026-03-04 15:51:17,755 - src.downloader - INFO - [59] Already exists with same URL, skipping.
2026-03-04 15:51:19,289 - src.downloader - ERROR - [60] Download failed: ERROR: [youtube] Fc-XPJE3oeM: Video unavailable. This video is no longer available because the YouTube account associated with this video has been terminated.
2026-03-04 15:51:19,290 - src.downloader - INFO - [61] Already exists with same URL, skipping.
2026-03-04 15:51:19,290 - src.downloader - INFO - [62] Already exists with same URL, skipping.
2026-03-04 15:51:19,290 - src.downloader - INFO - [63] Already exists with same URL, skipping.
2026-03-04 15:51:23,731 - src.video - INFO - [1] Trimmed successfully.
2026-03-04 15:51:31,886 - src.video - INFO - [2] Trimmed successfully.
2026-03-04 15:51:31,886 - src.video - ERROR - [3] No downloaded file found, skipping trim.
2026-03-04 15:51:31,886 - src.video - ERROR - [4] No downloaded file found, skipping trim.
2026-03-04 15:51:36,750 - src.video - INFO - [5] Trimmed successfully.
2026-03-04 15:51:41,190 - src.video - INFO - [6] Trimmed successfully.
2026-03-04 15:51:45,627 - src.video - INFO - [7] Trimmed successfully.
2026-03-04 15:51:50,057 - src.video - INFO - [8] Trimmed successfully.
2026-03-04 15:51:54,491 - src.video - INFO - [9] Trimmed successfully.
2026-03-04 15:51:54,492 - src.video - ERROR - [10] No downloaded file found, skipping trim.
2026-03-04 15:51:54,492 - src.video - ERROR - [11] No downloaded file found, skipping trim.
2026-03-04 15:51:58,926 - src.video - INFO - [12] Trimmed successfully.
2026-03-04 15:51:58,926 - src.video - ERROR - [13] No downloaded file found, skipping trim.
2026-03-04 15:51:58,926 - src.video - ERROR - [14] No downloaded file found, skipping trim.
2026-03-04 15:52:03,412 - src.video - INFO - [15] Trimmed successfully.
2026-03-04 15:52:07,978 - src.video - INFO - [16] Trimmed successfully.
2026-03-04 15:52:07,978 - src.video - ERROR - [17] No downloaded file found, skipping trim.
2026-03-04 15:52:12,399 - src.video - INFO - [18] Trimmed successfully.
2026-03-04 15:52:16,912 - src.video - INFO - [19] Trimmed successfully.
2026-03-04 15:52:21,382 - src.video - INFO - [20] Trimmed successfully.
2026-03-04 15:52:25,818 - src.video - INFO - [21] Trimmed successfully.
2026-03-04 15:52:34,731 - src.video - INFO - [22] Trimmed successfully.
2026-03-04 15:52:34,731 - src.video - ERROR - [23] No downloaded file found, skipping trim.
2026-03-04 15:52:34,731 - src.video - ERROR - [24] No downloaded file found, skipping trim.
2026-03-04 15:52:39,219 - src.video - INFO - [25] Trimmed successfully.
2026-03-04 15:52:39,219 - src.video - ERROR - [26] No downloaded file found, skipping trim.
2026-03-04 15:52:43,708 - src.video - INFO - [27] Trimmed successfully.
2026-03-04 15:52:43,708 - src.video - ERROR - [28] No downloaded file found, skipping trim.
2026-03-04 15:52:48,141 - src.video - INFO - [29] Trimmed successfully.
2026-03-04 15:52:48,142 - src.video - ERROR - [30] No downloaded file found, skipping trim.
2026-03-04 15:52:52,624 - src.video - INFO - [31] Trimmed successfully.
2026-03-04 15:52:57,058 - src.video - INFO - [32] Trimmed successfully.
2026-03-04 15:53:01,652 - src.video - INFO - [33] Trimmed successfully.
2026-03-04 15:53:06,126 - src.video - INFO - [34] Trimmed successfully.
2026-03-04 15:53:10,584 - src.video - INFO - [35] Trimmed successfully.
2026-03-04 15:53:15,023 - src.video - INFO - [36] Trimmed successfully.
2026-03-04 15:53:15,023 - src.video - ERROR - [37] No downloaded file found, skipping trim.
2026-03-04 15:53:19,477 - src.video - INFO - [38] Trimmed successfully.
2026-03-04 15:53:38,225 - __main__ - INFO - Using video codec: h264_vaapi
2026-03-04 15:53:38,226 - src.downloader - INFO - [1] Already exists with same URL, skipping.
2026-03-04 15:53:38,227 - src.downloader - INFO - [2] Already exists with same URL, skipping.
2026-03-04 15:53:40,261 - src.downloader - ERROR - [3] Download failed: ERROR: [youtube] DOTi2YB726I: Sign in to confirm your age. This video may be inappropriate for some users. Use --cookies-from-browser or --cookies for the authentication. See  https://github.com/yt-dlp/yt-dlp/wiki/FAQ#how-do-i-pass-cookies-to-yt-dlp  for how to manually pass cookies. Also see  https://github.com/yt-dlp/yt-dlp/wiki/Extractors#exporting-youtube-cookies  for tips on effectively exporting YouTube cookies
2026-03-04 15:53:41,398 - src.downloader - ERROR - [4] Download failed: ERROR: [youtube] PiauQ7P7mtQ: Video unavailable. This video is no longer available due to a copyright claim by Sony Music Entertainment (Japan) Inc.
2026-03-04 15:53:41,398 - src.downloader - INFO - [5] Already exists with same URL, skipping.
2026-03-04 15:53:41,398 - src.downloader - INFO - [6] Already exists with same URL, skipping.
2026-03-04 15:53:41,398 - src.downloader - INFO - [7] Already exists with same URL, skipping.
2026-03-04 15:53:41,399 - src.downloader - INFO - [8] Already exists with same URL, skipping.
2026-03-04 15:53:41,399 - src.downloader - INFO - [9] Already exists with same URL, skipping.
2026-03-04 15:53:42,565 - src.downloader - ERROR - [10] Download failed: ERROR: [youtube] Tu-WyAn1zWg: Private video. Sign in if you've been granted access to this video. Use --cookies-from-browser or --cookies for the authentication. See  https://github.com/yt-dlp/yt-dlp/wiki/FAQ#how-do-i-pass-cookies-to-yt-dlp  for how to manually pass cookies. Also see  https://github.com/yt-dlp/yt-dlp/wiki/Extractors#exporting-youtube-cookies  for tips on effectively exporting YouTube cookies
2026-03-04 15:53:44,499 - src.downloader - ERROR - [11] Download failed: ERROR: [youtube] ICpzoZozwCU: Sign in to confirm your age. This video may be inappropriate for some users. Use --cookies-from-browser or --cookies for the authentication. See  https://github.com/yt-dlp/yt-dlp/wiki/FAQ#how-do-i-pass-cookies-to-yt-dlp  for how to manually pass cookies. Also see  https://github.com/yt-dlp/yt-dlp/wiki/Extractors#exporting-youtube-cookies  for tips on effectively exporting YouTube cookies
2026-03-04 15:53:44,500 - src.downloader - INFO - [12] Already exists with same URL, skipping.
2026-03-04 15:53:45,610 - src.downloader - ERROR - [13] Download failed: ERROR: [youtube] XCz3QiLNyDI: Video unavailable. This video is no longer available because the YouTube account associated with this video has been terminated.
2026-03-04 15:53:46,731 - src.downloader - ERROR - [14] Download failed: ERROR: [youtube] frfompwkApw: Video unavailable. This video is no longer available due to a copyright claim by Sony Music Entertainment (Japan) Inc.
2026-03-04 15:53:46,731 - src.downloader - INFO - [15] Already exists with same URL, skipping.
2026-03-04 15:53:46,732 - src.downloader - INFO - [16] Already exists with same URL, skipping.
2026-03-04 15:53:47,938 - src.downloader - ERROR - [17] Download failed: ERROR: [youtube] Lfr_jr0z6jE: Private video. Sign in if you've been granted access to this video. Use --cookies-from-browser or --cookies for the authentication. See  https://github.com/yt-dlp/yt-dlp/wiki/FAQ#how-do-i-pass-cookies-to-yt-dlp  for how to manually pass cookies. Also see  https://github.com/yt-dlp/yt-dlp/wiki/Extractors#exporting-youtube-cookies  for tips on effectively exporting YouTube cookies
2026-03-04 15:53:47,939 - src.downloader - INFO - [18] Already exists with same URL, skipping.
2026-03-04 15:53:47,939 - src.downloader - INFO - [19] Already exists with same URL, skipping.
2026-03-04 15:53:47,939 - src.downloader - INFO - [20] Already exists with same URL, skipping.
2026-03-04 15:53:47,939 - src.downloader - INFO - [21] Already exists with same URL, skipping.
2026-03-04 15:53:47,940 - src.downloader - INFO - [22] Already exists with same URL, skipping.
2026-03-04 15:53:49,070 - src.downloader - ERROR - [23] Download failed: ERROR: [youtube] TJCZ3YRWxKg: Video unavailable
2026-03-04 15:53:50,225 - src.downloader - ERROR - [24] Download failed: ERROR: [youtube] B7A9j2GT_5g: Video unavailable. This video is no longer available due to a copyright claim by TOKYO BROADCASTING SYSTEM, INC. の代理人弁護士(TBS's lawyer)
2026-03-04 15:53:50,226 - src.downloader - INFO - [25] Already exists with same URL, skipping.
2026-03-04 15:53:51,846 - src.downloader - ERROR - [26] Download failed: ERROR: [youtube] qaLeO-2Fytg: Video unavailable. This video contains content from Aniplex Inc., who has blocked it on copyright grounds
2026-03-04 15:53:51,847 - src.downloader - INFO - [27] Already exists with same URL, skipping.
2026-03-04 15:53:53,029 - src.downloader - ERROR - [28] Download failed: ERROR: [youtube] VGT_mKDgtow: Private video. Sign in if you've been granted access to this video. Use --cookies-from-browser or --cookies for the authentication. See  https://github.com/yt-dlp/yt-dlp/wiki/FAQ#how-do-i-pass-cookies-to-yt-dlp  for how to manually pass cookies. Also see  https://github.com/yt-dlp/yt-dlp/wiki/Extractors#exporting-youtube-cookies  for tips on effectively exporting YouTube cookies
2026-03-04 15:53:53,029 - src.downloader - INFO - [29] Already exists with same URL, skipping.
2026-03-04 15:53:54,164 - src.downloader - ERROR - [30] Download failed: ERROR: [youtube] ZuI8Siwv-no: Video unavailable
2026-03-04 15:53:54,164 - src.downloader - INFO - [31] Already exists with same URL, skipping.
2026-03-04 15:53:54,164 - src.downloader - INFO - [32] Already exists with same URL, skipping.
2026-03-04 15:53:54,164 - src.downloader - INFO - [33] Already exists with same URL, skipping.
2026-03-04 15:53:54,165 - src.downloader - INFO - [34] Already exists with same URL, skipping.
2026-03-04 15:53:54,165 - src.downloader - INFO - [35] Already exists with same URL, skipping.
2026-03-04 15:53:54,165 - src.downloader - INFO - [36] Already exists with same URL, skipping.
2026-03-04 15:53:55,398 - src.downloader - ERROR - [37] Download failed: ERROR: [youtube] kErJOepkDQk: Video unavailable. This video is no longer available due to a copyright claim by 株式会社バンダイナムコフィルムワークス
2026-03-04 15:53:55,399 - src.downloader - INFO - [38] Already exists with same URL, skipping.
2026-03-04 15:53:55,399 - src.downloader - INFO - [39] Already exists with same URL, skipping.
2026-03-04 15:53:55,399 - src.downloader - INFO - [40] Already exists with same URL, skipping.
2026-03-04 15:53:55,399 - src.downloader - INFO - [41] Already exists with same URL, skipping.
2026-03-04 15:53:55,399 - src.downloader - INFO - [42] Already exists with same URL, skipping.
2026-03-04 15:53:55,400 - src.downloader - INFO - [43] Already exists with same URL, skipping.
2026-03-04 15:53:55,400 - src.downloader - INFO - [44] Already exists with same URL, skipping.
2026-03-04 15:53:55,400 - src.downloader - INFO - [45] Already exists with same URL, skipping.
2026-03-04 15:53:55,400 - src.downloader - INFO - [46] Already exists with same URL, skipping.
2026-03-04 15:53:55,400 - src.downloader - INFO - [47] Already exists with same URL, skipping.
2026-03-04 15:53:55,400 - src.downloader - INFO - [48] Already exists with same URL, skipping.
2026-03-04 15:53:55,400 - src.downloader - INFO - [49] Already exists with same URL, skipping.
2026-03-04 15:53:55,401 - src.downloader - INFO - [50] Already exists with same URL, skipping.
2026-03-04 15:53:55,401 - src.downloader - INFO - [51] Already exists with same URL, skipping.
2026-03-04 15:53:55,401 - src.downloader - INFO - [52] Already exists with same URL, skipping.
2026-03-04 15:53:55,401 - src.downloader - INFO - [53] Already exists with same URL, skipping.
2026-03-04 15:53:55,401 - src.downloader - INFO - [54] Already exists with same URL, skipping.
2026-03-04 15:53:55,401 - src.downloader - INFO - [55] Already exists with same URL, skipping.
2026-03-04 15:53:56,595 - src.downloader - ERROR - [56] Download failed: ERROR: [youtube] izIS1nzRqCc: Private video. Sign in if you've been granted access to this video. Use --cookies-from-browser or --cookies for the authentication. See  https://github.com/yt-dlp/yt-dlp/wiki/FAQ#how-do-i-pass-cookies-to-yt-dlp  for how to manually pass cookies. Also see  https://github.com/yt-dlp/yt-dlp/wiki/Extractors#exporting-youtube-cookies  for tips on effectively exporting YouTube cookies
2026-03-04 15:53:58,430 - src.downloader - ERROR - [57] Download failed: ERROR: [youtube] R3shsgKbd_M: Video unavailable. This video contains content from KADOKAWA CORPORATION, who has blocked it on copyright grounds
2026-03-04 15:53:59,762 - src.downloader - ERROR - [58] Download failed: ERROR: [youtube] ey0T9h1Ibng: Video unavailable. This video contains content from KADOKAWA CORPORATION, who has blocked it on copyright grounds
2026-03-04 15:53:59,763 - src.downloader - INFO - [59] Already exists with same URL, skipping.
2026-03-04 15:54:00,911 - src.downloader - ERROR - [60] Download failed: ERROR: [youtube] Fc-XPJE3oeM: Video unavailable. This video is no longer available because the YouTube account associated with this video has been terminated.
2026-03-04 15:54:00,912 - src.downloader - INFO - [61] Already exists with same URL, skipping.
2026-03-04 15:54:00,912 - src.downloader - INFO - [62] Already exists with same URL, skipping.
2026-03-04 15:54:00,912 - src.downloader - INFO - [63] Already exists with same URL, skipping.
2026-03-04 15:54:03,279 - src.video - INFO - [1] Trimmed successfully.
2026-03-04 15:54:11,015 - src.video - INFO - [2] Trimmed successfully.
2026-03-04 15:54:11,015 - src.video - ERROR - [3] No downloaded file found, skipping trim.
2026-03-04 15:54:11,015 - src.video - ERROR - [4] No downloaded file found, skipping trim.
2026-03-04 15:54:15,398 - src.video - INFO - [5] Trimmed successfully.
2026-03-04 15:54:17,805 - src.video - INFO - [6] Trimmed successfully.
2026-03-04 15:54:20,152 - src.video - INFO - [7] Trimmed successfully.
2026-03-04 15:54:22,567 - src.video - INFO - [8] Trimmed successfully.
2026-03-04 15:54:24,939 - src.video - INFO - [9] Trimmed successfully.
2026-03-04 15:54:24,940 - src.video - ERROR - [10] No downloaded file found, skipping trim.
2026-03-04 15:54:24,940 - src.video - ERROR - [11] No downloaded file found, skipping trim.
2026-03-04 15:54:27,303 - src.video - INFO - [12] Trimmed successfully.
2026-03-04 15:54:27,303 - src.video - ERROR - [13] No downloaded file found, skipping trim.
2026-03-04 15:54:27,303 - src.video - ERROR - [14] No downloaded file found, skipping trim.
2026-03-04 15:54:29,740 - src.video - INFO - [15] Trimmed successfully.
2026-03-04 15:54:32,538 - src.video - INFO - [16] Trimmed successfully.
2026-03-04 15:54:32,538 - src.video - ERROR - [17] No downloaded file found, skipping trim.
2026-03-04 15:54:34,878 - src.video - INFO - [18] Trimmed successfully.
2026-03-04 15:54:37,283 - src.video - INFO - [19] Trimmed successfully.
2026-03-04 15:54:39,640 - src.video - INFO - [20] Trimmed successfully.
2026-03-04 15:54:41,912 - src.video - INFO - [21] Trimmed successfully.
2026-03-04 15:54:50,484 - src.video - INFO - [22] Trimmed successfully.
2026-03-04 15:54:50,484 - src.video - ERROR - [23] No downloaded file found, skipping trim.
2026-03-04 15:54:50,484 - src.video - ERROR - [24] No downloaded file found, skipping trim.
2026-03-04 15:54:52,853 - src.video - INFO - [25] Trimmed successfully.
2026-03-04 15:54:52,853 - src.video - ERROR - [26] No downloaded file found, skipping trim.
2026-03-04 15:54:55,240 - src.video - INFO - [27] Trimmed successfully.
2026-03-04 15:54:55,240 - src.video - ERROR - [28] No downloaded file found, skipping trim.
2026-03-04 15:54:57,516 - src.video - INFO - [29] Trimmed successfully.
2026-03-04 15:54:57,517 - src.video - ERROR - [30] No downloaded file found, skipping trim.
2026-03-04 15:54:59,883 - src.video - INFO - [31] Trimmed successfully.
2026-03-04 15:55:02,166 - src.video - INFO - [32] Trimmed successfully.
2026-03-04 15:55:04,660 - src.video - INFO - [33] Trimmed successfully.
2026-03-04 15:55:07,014 - src.video - INFO - [34] Trimmed successfully.
2026-03-04 15:55:09,356 - src.video - INFO - [35] Trimmed successfully.
2026-03-04 15:55:11,634 - src.video - INFO - [36] Trimmed successfully.
2026-03-04 15:55:11,634 - src.video - ERROR - [37] No downloaded file found, skipping trim.
2026-03-04 15:55:13,955 - src.video - INFO - [38] Trimmed successfully.
2026-03-04 15:55:16,276 - src.video - INFO - [39] Trimmed successfully.
2026-03-04 15:55:18,562 - src.video - INFO - [40] Trimmed successfully.
2026-03-04 15:55:20,900 - src.video - INFO - [41] Trimmed successfully.
2026-03-04 15:55:23,162 - src.video - INFO - [42] Trimmed successfully.
2026-03-04 15:55:31,235 - src.video - INFO - [43] Trimmed successfully.
2026-03-04 15:55:33,633 - src.video - INFO - [44] Trimmed successfully.
2026-03-04 15:55:36,177 - src.video - INFO - [45] Trimmed successfully.
2026-03-04 15:55:41,340 - src.video - INFO - [46] Trimmed successfully.
2026-03-04 15:55:43,802 - src.video - INFO - [47] Trimmed successfully.
2026-03-04 15:55:46,225 - src.video - INFO - [48] Trimmed successfully.
2026-03-04 15:55:48,543 - src.video - INFO - [49] Trimmed successfully.
2026-03-04 15:55:50,897 - src.video - INFO - [50] Trimmed successfully.
2026-03-04 15:55:53,233 - src.video - INFO - [51] Trimmed successfully.
2026-03-04 15:55:55,591 - src.video - INFO - [52] Trimmed successfully.
2026-03-04 15:55:57,857 - src.video - INFO - [53] Trimmed successfully.
2026-03-04 15:56:00,322 - src.video - INFO - [54] Trimmed successfully.
2026-03-04 15:56:02,596 - src.video - INFO - [55] Trimmed successfully.
2026-03-04 15:56:02,597 - src.video - ERROR - [56] No downloaded file found, skipping trim.
2026-03-04 15:56:02,597 - src.video - ERROR - [57] No downloaded file found, skipping trim.
2026-03-04 15:56:02,597 - src.video - ERROR - [58] No downloaded file found, skipping trim.
2026-03-04 15:56:04,910 - src.video - INFO - [59] Trimmed successfully.
2026-03-04 15:56:04,911 - src.video - ERROR - [60] No downloaded file found, skipping trim.
2026-03-04 15:56:07,337 - src.video - INFO - [61] Trimmed successfully.
2026-03-04 15:56:09,751 - src.video - INFO - [62] Trimmed successfully.
2026-03-04 15:56:12,101 - src.video - INFO - [63] Trimmed successfully.
2026-03-04 16:05:34,084 - __main__ - INFO - Using video codec: h264_vaapi
2026-03-04 16:05:34,086 - src.downloader - INFO - [1] Already exists with same URL, skipping.
2026-03-04 16:05:34,086 - src.downloader - INFO - [2] Already exists with same URL, skipping.
2026-03-04 16:05:36,174 - src.downloader - ERROR - [3] Download failed: ERROR: [youtube] DOTi2YB726I: Sign in to confirm your age. This video may be inappropriate for some users. Use --cookies-from-browser or --cookies for the authentication. See  https://github.com/yt-dlp/yt-dlp/wiki/FAQ#how-do-i-pass-cookies-to-yt-dlp  for how to manually pass cookies. Also see  https://github.com/yt-dlp/yt-dlp/wiki/Extractors#exporting-youtube-cookies  for tips on effectively exporting YouTube cookies
2026-03-04 16:05:37,301 - src.downloader - ERROR - [4] Download failed: ERROR: [youtube] PiauQ7P7mtQ: Video unavailable. This video is no longer available due to a copyright claim by Sony Music Entertainment (Japan) Inc.
2026-03-04 16:05:37,301 - src.downloader - INFO - [5] Already exists with same URL, skipping.
2026-03-04 16:05:37,301 - src.downloader - INFO - [6] Already exists with same URL, skipping.
2026-03-04 16:05:37,302 - src.downloader - INFO - [7] Already exists with same URL, skipping.
2026-03-04 16:05:37,302 - src.downloader - INFO - [8] Already exists with same URL, skipping.
2026-03-04 16:05:37,302 - src.downloader - INFO - [9] Already exists with same URL, skipping.
2026-03-04 16:05:38,492 - src.downloader - ERROR - [10] Download failed: ERROR: [youtube] Tu-WyAn1zWg: Private video. Sign in if you've been granted access to this video. Use --cookies-from-browser or --cookies for the authentication. See  https://github.com/yt-dlp/yt-dlp/wiki/FAQ#how-do-i-pass-cookies-to-yt-dlp  for how to manually pass cookies. Also see  https://github.com/yt-dlp/yt-dlp/wiki/Extractors#exporting-youtube-cookies  for tips on effectively exporting YouTube cookies
2026-03-04 16:05:40,759 - src.downloader - ERROR - [11] Download failed: ERROR: [youtube] ICpzoZozwCU: Sign in to confirm your age. This video may be inappropriate for some users. Use --cookies-from-browser or --cookies for the authentication. See  https://github.com/yt-dlp/yt-dlp/wiki/FAQ#how-do-i-pass-cookies-to-yt-dlp  for how to manually pass cookies. Also see  https://github.com/yt-dlp/yt-dlp/wiki/Extractors#exporting-youtube-cookies  for tips on effectively exporting YouTube cookies
2026-03-04 16:05:40,759 - src.downloader - INFO - [12] Already exists with same URL, skipping.
2026-03-04 16:05:41,861 - src.downloader - ERROR - [13] Download failed: ERROR: [youtube] XCz3QiLNyDI: Video unavailable. This video is no longer available because the YouTube account associated with this video has been terminated.
2026-03-04 16:05:42,989 - src.downloader - ERROR - [14] Download failed: ERROR: [youtube] frfompwkApw: Video unavailable. This video is no longer available due to a copyright claim by Sony Music Entertainment (Japan) Inc.
2026-03-04 16:05:42,990 - src.downloader - INFO - [15] Already exists with same URL, skipping.
2026-03-04 16:05:42,990 - src.downloader - INFO - [16] Already exists with same URL, skipping.
2026-03-04 16:05:44,117 - src.downloader - ERROR - [17] Download failed: ERROR: [youtube] Lfr_jr0z6jE: Private video. Sign in if you've been granted access to this video. Use --cookies-from-browser or --cookies for the authentication. See  https://github.com/yt-dlp/yt-dlp/wiki/FAQ#how-do-i-pass-cookies-to-yt-dlp  for how to manually pass cookies. Also see  https://github.com/yt-dlp/yt-dlp/wiki/Extractors#exporting-youtube-cookies  for tips on effectively exporting YouTube cookies
2026-03-04 16:05:44,118 - src.downloader - INFO - [18] Already exists with same URL, skipping.
2026-03-04 16:05:44,118 - src.downloader - INFO - [19] Already exists with same URL, skipping.
2026-03-04 16:05:44,118 - src.downloader - INFO - [20] Already exists with same URL, skipping.
2026-03-04 16:05:44,118 - src.downloader - INFO - [21] Already exists with same URL, skipping.
2026-03-04 16:05:44,119 - src.downloader - INFO - [22] Already exists with same URL, skipping.
2026-03-04 16:05:45,275 - src.downloader - ERROR - [23] Download failed: ERROR: [youtube] TJCZ3YRWxKg: Video unavailable
2026-03-04 16:05:46,379 - src.downloader - ERROR - [24] Download failed: ERROR: [youtube] B7A9j2GT_5g: Video unavailable. This video is no longer available due to a copyright claim by TOKYO BROADCASTING SYSTEM, INC. の代理人弁護士(TBS's lawyer)
2026-03-04 16:05:46,380 - src.downloader - INFO - [25] Already exists with same URL, skipping.
2026-03-04 16:05:48,062 - src.downloader - ERROR - [26] Download failed: ERROR: [youtube] qaLeO-2Fytg: Video unavailable. This video contains content from Aniplex Inc., who has blocked it on copyright grounds
2026-03-04 16:05:48,062 - src.downloader - INFO - [27] Already exists with same URL, skipping.
2026-03-04 16:05:49,197 - src.downloader - ERROR - [28] Download failed: ERROR: [youtube] VGT_mKDgtow: Private video. Sign in if you've been granted access to this video. Use --cookies-from-browser or --cookies for the authentication. See  https://github.com/yt-dlp/yt-dlp/wiki/FAQ#how-do-i-pass-cookies-to-yt-dlp  for how to manually pass cookies. Also see  https://github.com/yt-dlp/yt-dlp/wiki/Extractors#exporting-youtube-cookies  for tips on effectively exporting YouTube cookies
2026-03-04 16:05:49,197 - src.downloader - INFO - [29] Already exists with same URL, skipping.
2026-03-04 16:05:50,313 - src.downloader - ERROR - [30] Download failed: ERROR: [youtube] ZuI8Siwv-no: Video unavailable
2026-03-04 16:05:50,314 - src.downloader - INFO - [31] Already exists with same URL, skipping.
2026-03-04 16:05:50,314 - src.downloader - INFO - [32] Already exists with same URL, skipping.
2026-03-04 16:05:50,314 - src.downloader - INFO - [33] Already exists with same URL, skipping.
2026-03-04 16:05:50,314 - src.downloader - INFO - [34] Already exists with same URL, skipping.
2026-03-04 16:05:50,314 - src.downloader - INFO - [35] Already exists with same URL, skipping.
2026-03-04 16:05:50,314 - src.downloader - INFO - [36] Already exists with same URL, skipping.
2026-03-04 16:05:51,473 - src.downloader - ERROR - [37] Download failed: ERROR: [youtube] kErJOepkDQk: Video unavailable. This video is no longer available due to a copyright claim by 株式会社バンダイナムコフィルムワークス
2026-03-04 16:05:51,474 - src.downloader - INFO - [38] Already exists with same URL, skipping.
2026-03-04 16:05:51,474 - src.downloader - INFO - [39] Already exists with same URL, skipping.
2026-03-04 16:05:51,474 - src.downloader - INFO - [40] Already exists with same URL, skipping.
2026-03-04 16:05:51,474 - src.downloader - INFO - [41] Already exists with same URL, skipping.
2026-03-04 16:05:51,474 - src.downloader - INFO - [42] Already exists with same URL, skipping.
2026-03-04 16:05:51,474 - src.downloader - INFO - [43] Already exists with same URL, skipping.
2026-03-04 16:05:51,475 - src.downloader - INFO - [44] Already exists with same URL, skipping.
2026-03-04 16:05:51,475 - src.downloader - INFO - [45] Already exists with same URL, skipping.
2026-03-04 16:05:51,475 - src.downloader - INFO - [46] Already exists with same URL, skipping.
2026-03-04 16:05:51,475 - src.downloader - INFO - [47] Already exists with same URL, skipping.
2026-03-04 16:05:51,475 - src.downloader - INFO - [48] Already exists with same URL, skipping.
2026-03-04 16:05:51,475 - src.downloader - INFO - [49] Already exists with same URL, skipping.
2026-03-04 16:05:51,475 - src.downloader - INFO - [50] Already exists with same URL, skipping.
2026-03-04 16:05:51,475 - src.downloader - INFO - [51] Already exists with same URL, skipping.
2026-03-04 16:05:51,476 - src.downloader - INFO - [52] Already exists with same URL, skipping.
2026-03-04 16:05:51,476 - src.downloader - INFO - [53] Already exists with same URL, skipping.
2026-03-04 16:05:51,476 - src.downloader - INFO - [54] Already exists with same URL, skipping.
2026-03-04 16:05:51,476 - src.downloader - INFO - [55] Already exists with same URL, skipping.
2026-03-04 16:05:52,613 - src.downloader - ERROR - [56] Download failed: ERROR: [youtube] izIS1nzRqCc: Private video. Sign in if you've been granted access to this video. Use --cookies-from-browser or --cookies for the authentication. See  https://github.com/yt-dlp/yt-dlp/wiki/FAQ#how-do-i-pass-cookies-to-yt-dlp  for how to manually pass cookies. Also see  https://github.com/yt-dlp/yt-dlp/wiki/Extractors#exporting-youtube-cookies  for tips on effectively exporting YouTube cookies
2026-03-04 16:05:53,947 - src.downloader - ERROR - [57] Download failed: ERROR: [youtube] R3shsgKbd_M: Video unavailable. This video contains content from KADOKAWA CORPORATION, who has blocked it on copyright grounds
2026-03-04 16:05:55,463 - src.downloader - ERROR - [58] Download failed: ERROR: [youtube] ey0T9h1Ibng: Video unavailable. This video contains content from KADOKAWA CORPORATION, who has blocked it on copyright grounds
2026-03-04 16:05:55,464 - src.downloader - INFO - [59] Already exists with same URL, skipping.
2026-03-04 16:05:56,629 - src.downloader - ERROR - [60] Download failed: ERROR: [youtube] Fc-XPJE3oeM: Video unavailable. This video is no longer available because the YouTube account associated with this video has been terminated.
2026-03-04 16:05:56,629 - src.downloader - INFO - [61] Already exists with same URL, skipping.
2026-03-04 16:05:56,630 - src.downloader - INFO - [62] Already exists with same URL, skipping.
2026-03-04 16:05:56,630 - src.downloader - INFO - [63] Already exists with same URL, skipping.
2026-03-04 16:05:56,631 - src.video - INFO - [1] Already trimmed, skipping.
2026-03-04 16:05:56,631 - src.video - INFO - [2] Already trimmed, skipping.
2026-03-04 16:05:56,631 - src.video - ERROR - [3] No downloaded file found, skipping trim.
2026-03-04 16:05:56,631 - src.video - ERROR - [4] No downloaded file found, skipping trim.
2026-03-04 16:05:56,631 - src.video - INFO - [5] Already trimmed, skipping.
2026-03-04 16:05:56,631 - src.video - INFO - [6] Already trimmed, skipping.
2026-03-04 16:05:56,631 - src.video - INFO - [7] Already trimmed, skipping.
2026-03-04 16:05:56,631 - src.video - INFO - [8] Already trimmed, skipping.
2026-03-04 16:05:56,631 - src.video - INFO - [9] Already trimmed, skipping.
2026-03-04 16:05:56,631 - src.video - ERROR - [10] No downloaded file found, skipping trim.
2026-03-04 16:05:56,631 - src.video - ERROR - [11] No downloaded file found, skipping trim.
2026-03-04 16:05:56,631 - src.video - INFO - [12] Already trimmed, skipping.
2026-03-04 16:05:56,632 - src.video - ERROR - [13] No downloaded file found, skipping trim.
2026-03-04 16:05:56,632 - src.video - ERROR - [14] No downloaded file found, skipping trim.
2026-03-04 16:05:56,632 - src.video - INFO - [15] Already trimmed, skipping.
2026-03-04 16:05:56,632 - src.video - INFO - [16] Already trimmed, skipping.
2026-03-04 16:05:56,632 - src.video - ERROR - [17] No downloaded file found, skipping trim.
2026-03-04 16:05:56,632 - src.video - INFO - [18] Already trimmed, skipping.
2026-03-04 16:05:56,632 - src.video - INFO - [19] Already trimmed, skipping.
2026-03-04 16:05:56,632 - src.video - INFO - [20] Already trimmed, skipping.
2026-03-04 16:05:56,632 - src.video - INFO - [21] Already trimmed, skipping.
2026-03-04 16:05:56,632 - src.video - INFO - [22] Already trimmed, skipping.
2026-03-04 16:05:56,632 - src.video - ERROR - [23] No downloaded file found, skipping trim.
2026-03-04 16:05:56,632 - src.video - ERROR - [24] No downloaded file found, skipping trim.
2026-03-04 16:05:56,632 - src.video - INFO - [25] Already trimmed, skipping.
2026-03-04 16:05:56,632 - src.video - ERROR - [26] No downloaded file found, skipping trim.
2026-03-04 16:05:56,632 - src.video - INFO - [27] Already trimmed, skipping.
2026-03-04 16:05:56,632 - src.video - ERROR - [28] No downloaded file found, skipping trim.
2026-03-04 16:05:56,632 - src.video - INFO - [29] Already trimmed, skipping.
2026-03-04 16:05:56,633 - src.video - ERROR - [30] No downloaded file found, skipping trim.
2026-03-04 16:05:56,633 - src.video - INFO - [31] Already trimmed, skipping.
2026-03-04 16:05:56,633 - src.video - INFO - [32] Already trimmed, skipping.
2026-03-04 16:05:56,633 - src.video - INFO - [33] Already trimmed, skipping.
2026-03-04 16:05:56,633 - src.video - INFO - [34] Already trimmed, skipping.
2026-03-04 16:05:56,633 - src.video - INFO - [35] Already trimmed, skipping.
2026-03-04 16:05:56,633 - src.video - INFO - [36] Already trimmed, skipping.
2026-03-04 16:05:56,633 - src.video - ERROR - [37] No downloaded file found, skipping trim.
2026-03-04 16:05:56,633 - src.video - INFO - [38] Already trimmed, skipping.
2026-03-04 16:05:56,633 - src.video - INFO - [39] Already trimmed, skipping.
2026-03-04 16:05:56,633 - src.video - INFO - [40] Already trimmed, skipping.
2026-03-04 16:05:56,633 - src.video - INFO - [41] Already trimmed, skipping.
2026-03-04 16:05:56,633 - src.video - INFO - [42] Already trimmed, skipping.
2026-03-04 16:05:56,633 - src.video - INFO - [43] Already trimmed, skipping.
2026-03-04 16:05:56,633 - src.video - INFO - [44] Already trimmed, skipping.
2026-03-04 16:05:56,633 - src.video - INFO - [45] Already trimmed, skipping.
2026-03-04 16:05:56,633 - src.video - INFO - [46] Already trimmed, skipping.
2026-03-04 16:05:56,633 - src.video - INFO - [47] Already trimmed, skipping.
2026-03-04 16:05:56,633 - src.video - INFO - [48] Already trimmed, skipping.
2026-03-04 16:05:56,633 - src.video - INFO - [49] Already trimmed, skipping.
2026-03-04 16:05:56,633 - src.video - INFO - [50] Already trimmed, skipping.
2026-03-04 16:05:56,633 - src.video - INFO - [51] Already trimmed, skipping.
2026-03-04 16:05:56,633 - src.video - INFO - [52] Already trimmed, skipping.
2026-03-04 16:05:56,633 - src.video - INFO - [53] Already trimmed, skipping.
2026-03-04 16:05:56,633 - src.video - INFO - [54] Already trimmed, skipping.
2026-03-04 16:05:56,634 - src.video - INFO - [55] Already trimmed, skipping.
2026-03-04 16:05:56,634 - src.video - ERROR - [56] No downloaded file found, skipping trim.
2026-03-04 16:05:56,634 - src.video - ERROR - [57] No downloaded file found, skipping trim.
2026-03-04 16:05:56,634 - src.video - ERROR - [58] No downloaded file found, skipping trim.
2026-03-04 16:05:56,634 - src.video - INFO - [59] Already trimmed, skipping.
2026-03-04 16:05:56,634 - src.video - ERROR - [60] No downloaded file found, skipping trim.
2026-03-04 16:05:56,634 - src.video - INFO - [61] Already trimmed, skipping.
2026-03-04 16:05:56,634 - src.video - INFO - [62] Already trimmed, skipping.
2026-03-04 16:05:56,634 - src.video - INFO - [63] Already trimmed, skipping.
2026-03-04 16:05:57,642 - src.video - INFO - [1] Normalised successfully.
2026-03-04 16:05:58,535 - src.video - INFO - [2] Normalised successfully.
2026-03-04 16:05:58,535 - src.video - ERROR - [3] No trimmed file found, skipping normalize.
2026-03-04 16:05:58,535 - src.video - ERROR - [4] No trimmed file found, skipping normalize.
2026-03-04 16:05:59,514 - src.video - INFO - [5] Normalised successfully.
2026-03-04 16:06:00,489 - src.video - INFO - [6] Normalised successfully.
2026-03-04 16:06:01,414 - src.video - INFO - [7] Normalised successfully.
2026-03-04 16:06:02,260 - src.video - INFO - [8] Normalised successfully.
2026-03-04 16:06:03,108 - src.video - INFO - [9] Normalised successfully.
2026-03-04 16:06:03,108 - src.video - ERROR - [10] No trimmed file found, skipping normalize.
2026-03-04 16:06:03,108 - src.video - ERROR - [11] No trimmed file found, skipping normalize.
2026-03-04 16:06:04,021 - src.video - INFO - [12] Normalised successfully.
2026-03-04 16:06:04,021 - src.video - ERROR - [13] No trimmed file found, skipping normalize.
2026-03-04 16:06:04,021 - src.video - ERROR - [14] No trimmed file found, skipping normalize.
2026-03-04 16:06:04,908 - src.video - INFO - [15] Normalised successfully.
2026-03-04 16:06:05,761 - src.video - INFO - [16] Normalised successfully.
2026-03-04 16:06:05,761 - src.video - ERROR - [17] No trimmed file found, skipping normalize.
2026-03-04 16:06:06,702 - src.video - INFO - [18] Normalised successfully.
2026-03-04 16:06:07,714 - src.video - INFO - [19] Normalised successfully.
2026-03-04 16:06:08,713 - src.video - INFO - [20] Normalised successfully.
2026-03-04 16:06:09,541 - src.video - INFO - [21] Normalised successfully.
2026-03-04 16:06:10,427 - src.video - INFO - [22] Normalised successfully.
2026-03-04 16:06:10,427 - src.video - ERROR - [23] No trimmed file found, skipping normalize.
2026-03-04 16:06:10,428 - src.video - ERROR - [24] No trimmed file found, skipping normalize.
2026-03-04 16:06:11,252 - src.video - INFO - [25] Normalised successfully.
2026-03-04 16:06:11,252 - src.video - ERROR - [26] No trimmed file found, skipping normalize.
2026-03-04 16:06:12,131 - src.video - INFO - [27] Normalised successfully.
2026-03-04 16:06:12,131 - src.video - ERROR - [28] No trimmed file found, skipping normalize.
2026-03-04 16:06:13,091 - src.video - INFO - [29] Normalised successfully.
2026-03-04 16:06:13,091 - src.video - ERROR - [30] No trimmed file found, skipping normalize.
2026-03-04 16:06:13,975 - src.video - INFO - [31] Normalised successfully.
2026-03-04 16:06:14,902 - src.video - INFO - [32] Normalised successfully.
2026-03-04 16:06:15,830 - src.video - INFO - [33] Normalised successfully.
2026-03-04 16:06:16,698 - src.video - INFO - [34] Normalised successfully.
2026-03-04 16:06:17,641 - src.video - INFO - [35] Normalised successfully.
2026-03-04 16:06:18,528 - src.video - INFO - [36] Normalised successfully.
2026-03-04 16:06:18,528 - src.video - ERROR - [37] No trimmed file found, skipping normalize.
2026-03-04 16:06:19,425 - src.video - INFO - [38] Normalised successfully.
2026-03-04 16:06:20,371 - src.video - INFO - [39] Normalised successfully.
2026-03-04 16:06:21,290 - src.video - INFO - [40] Normalised successfully.
2026-03-04 16:06:22,167 - src.video - INFO - [41] Normalised successfully.
2026-03-04 16:06:23,019 - src.video - INFO - [42] Normalised successfully.
2026-03-04 16:06:23,948 - src.video - INFO - [43] Normalised successfully.
2026-03-04 16:06:24,971 - src.video - INFO - [44] Normalised successfully.
2026-03-04 16:06:25,899 - src.video - INFO - [45] Normalised successfully.
2026-03-04 16:06:26,790 - src.video - INFO - [46] Normalised successfully.
2026-03-04 16:06:27,907 - src.video - INFO - [47] Normalised successfully.
2026-03-04 16:06:28,836 - src.video - INFO - [48] Normalised successfully.
2026-03-04 16:06:29,839 - src.video - INFO - [49] Normalised successfully.
2026-03-04 16:06:30,859 - src.video - INFO - [50] Normalised successfully.
2026-03-04 16:06:31,724 - src.video - INFO - [51] Normalised successfully.
2026-03-04 16:06:32,671 - src.video - INFO - [52] Normalised successfully.
2026-03-04 16:06:33,635 - src.video - INFO - [53] Normalised successfully.
2026-03-04 16:06:34,615 - src.video - INFO - [54] Normalised successfully.
2026-03-04 16:06:35,472 - src.video - INFO - [55] Normalised successfully.
2026-03-04 16:06:35,472 - src.video - ERROR - [56] No trimmed file found, skipping normalize.
2026-03-04 16:06:35,472 - src.video - ERROR - [57] No trimmed file found, skipping normalize.
2026-03-04 16:06:35,472 - src.video - ERROR - [58] No trimmed file found, skipping normalize.
2026-03-04 16:06:36,338 - src.video - INFO - [59] Normalised successfully.
2026-03-04 16:06:36,339 - src.video - ERROR - [60] No trimmed file found, skipping normalize.
2026-03-04 16:06:37,199 - src.video - INFO - [61] Normalised successfully.
2026-03-04 16:06:38,119 - src.video - INFO - [62] Normalised successfully.
2026-03-04 16:06:39,080 - src.video - INFO - [63] Normalised successfully.
